<?xml version="1.0" encoding="UTF-8"?>
<!-- Generated by org.testng.reporters.JUnitReportReporter -->
<testsuite skipped="0" hostname="DESKTOP-BBVGNLM" name="RunnerFile.RunnerClass" tests="1" failures="0" timestamp="15 Aug 2020 02:11:31 GMT" time="31.637" errors="0">
  <testcase name="feature" time="31.637" classname="RunnerFile.RunnerClass"/>
</testsuite> <!-- RunnerFile.RunnerClass -->
